2020-07-27 01:22:47,588 INFO o.a.j.u.JMeterUtils: Setting Locale to en_EN
2020-07-27 01:22:47,605 INFO o.a.j.JMeter: Loading user properties from: /home/centos/phonebook-project-ansible/apache-jmeter-5.2.1/bin/user.properties
2020-07-27 01:22:47,605 INFO o.a.j.JMeter: Loading system properties from: /home/centos/phonebook-project-ansible/apache-jmeter-5.2.1/bin/system.properties
2020-07-27 01:22:47,606 INFO o.a.j.JMeter: Copyright (c) 1998-2019 The Apache Software Foundation
2020-07-27 01:22:47,607 INFO o.a.j.JMeter: Version 5.2.1
2020-07-27 01:22:47,607 INFO o.a.j.JMeter: java.version=1.8.0_252
2020-07-27 01:22:47,607 INFO o.a.j.JMeter: java.vm.name=OpenJDK 64-Bit Server VM
2020-07-27 01:22:47,607 INFO o.a.j.JMeter: os.name=Linux
2020-07-27 01:22:47,607 INFO o.a.j.JMeter: os.arch=amd64
2020-07-27 01:22:47,607 INFO o.a.j.JMeter: os.version=3.10.0-1062.1.1.el7.x86_64
2020-07-27 01:22:47,607 INFO o.a.j.JMeter: file.encoding=UTF-8
2020-07-27 01:22:47,607 INFO o.a.j.JMeter: java.awt.headless=true
2020-07-27 01:22:47,607 INFO o.a.j.JMeter: Max memory     =1073741824
2020-07-27 01:22:47,608 INFO o.a.j.JMeter: Available Processors =2
2020-07-27 01:22:47,612 INFO o.a.j.JMeter: Default Locale=English (EN)
2020-07-27 01:22:47,612 INFO o.a.j.JMeter: JMeter  Locale=English (EN)
2020-07-27 01:22:47,612 INFO o.a.j.JMeter: JMeterHome=/home/centos/phonebook-project-ansible/apache-jmeter-5.2.1
2020-07-27 01:22:47,613 INFO o.a.j.JMeter: user.dir  =/home/centos/phonebook-project-ansible
2020-07-27 01:22:47,613 INFO o.a.j.JMeter: PWD       =/home/centos/phonebook-project-ansible
2020-07-27 01:22:47,615 INFO o.a.j.JMeter: IP: 172.31.66.253 Name: ip-172-31-66-253.ec2.internal FullName: ip-172-31-66-253.ec2.internal
2020-07-27 01:22:47,621 INFO o.a.j.s.FileServer: Default base='/home/centos/phonebook-project-ansible'
2020-07-27 01:22:47,626 INFO o.a.j.s.FileServer: Set new base='/home/centos/phonebook-project-ansible'
2020-07-27 01:22:47,794 INFO o.a.j.s.SaveService: Testplan (JMX) version: 2.2. Testlog (JTL) version: 2.2
2020-07-27 01:22:47,804 INFO o.a.j.s.SaveService: Using SaveService properties file encoding UTF-8
2020-07-27 01:22:47,809 INFO o.a.j.s.SaveService: Using SaveService properties version 5.0
2020-07-27 01:22:47,821 INFO o.a.j.s.SaveService: Loading file: plan_test_jmeter.jmx
2020-07-27 01:22:47,859 INFO o.a.j.p.h.c.CookieManager: Settings: Delete null: true Check: true Allow variable: true Save: false Prefix: COOKIE_
2020-07-27 01:22:47,864 INFO o.a.j.p.h.c.CacheManager: Will only cache the following methods: [GET]
2020-07-27 01:22:47,880 INFO o.a.j.p.h.s.HTTPSamplerBase: Parser for text/html is org.apache.jmeter.protocol.http.parser.LagartoBasedHtmlParser
2020-07-27 01:22:47,880 INFO o.a.j.p.h.s.HTTPSamplerBase: Parser for application/xhtml+xml is org.apache.jmeter.protocol.http.parser.LagartoBasedHtmlParser
2020-07-27 01:22:47,880 INFO o.a.j.p.h.s.HTTPSamplerBase: Parser for application/xml is org.apache.jmeter.protocol.http.parser.LagartoBasedHtmlParser
2020-07-27 01:22:47,880 INFO o.a.j.p.h.s.HTTPSamplerBase: Parser for text/xml is org.apache.jmeter.protocol.http.parser.LagartoBasedHtmlParser
2020-07-27 01:22:47,880 INFO o.a.j.p.h.s.HTTPSamplerBase: Parser for text/vnd.wap.wml is org.apache.jmeter.protocol.http.parser.RegexpHTMLParser
2020-07-27 01:22:47,880 INFO o.a.j.p.h.s.HTTPSamplerBase: Parser for text/css is org.apache.jmeter.protocol.http.parser.CssParser
2020-07-27 01:22:47,894 INFO o.a.j.JMeter: Creating summariser <summary>
2020-07-27 01:22:47,909 INFO o.a.j.e.StandardJMeterEngine: Running the test!
2020-07-27 01:22:47,910 INFO o.a.j.s.SampleEvent: List of sample_variables: []
2020-07-27 01:22:47,910 INFO o.a.j.s.SampleEvent: List of sample_variables: []
2020-07-27 01:22:47,916 INFO o.a.j.e.u.CompoundVariable: Note: Function class names must contain the string: '.functions.'
2020-07-27 01:22:47,916 INFO o.a.j.e.u.CompoundVariable: Note: Function class names must not contain the string: '.gui.'
2020-07-27 01:22:48,335 INFO o.a.j.JMeter: Running test (1595812968335)
2020-07-27 01:22:48,375 INFO o.a.j.e.StandardJMeterEngine: Starting ThreadGroup: 1 : Thread Group
2020-07-27 01:22:48,375 INFO o.a.j.e.StandardJMeterEngine: Starting 20 threads for group Thread Group.
2020-07-27 01:22:48,375 INFO o.a.j.e.StandardJMeterEngine: Thread will continue on error
2020-07-27 01:22:48,375 INFO o.a.j.t.ThreadGroup: Starting thread group... number=1 threads=20 ramp-up=1 delayedStart=false
2020-07-27 01:22:48,385 INFO o.a.j.t.JMeterThread: Thread started: Thread Group 1-1
2020-07-27 01:22:48,419 INFO o.a.j.t.ThreadGroup: Started thread group number 1
2020-07-27 01:22:48,419 INFO o.a.j.e.StandardJMeterEngine: All thread groups have been started
2020-07-27 01:22:48,436 INFO o.a.j.t.JMeterThread: Thread started: Thread Group 1-2
2020-07-27 01:22:48,478 INFO o.a.j.t.JMeterThread: Thread started: Thread Group 1-3
2020-07-27 01:22:48,545 INFO o.a.j.t.JMeterThread: Thread started: Thread Group 1-4
2020-07-27 01:22:48,581 INFO o.a.j.t.JMeterThread: Thread started: Thread Group 1-5
2020-07-27 01:22:48,631 INFO o.a.j.t.JMeterThread: Thread started: Thread Group 1-6
2020-07-27 01:22:48,679 INFO o.a.j.t.JMeterThread: Thread started: Thread Group 1-7
2020-07-27 01:22:48,730 INFO o.a.j.t.JMeterThread: Thread started: Thread Group 1-8
2020-07-27 01:22:48,763 INFO o.a.j.p.h.s.HTTPHCAbstractImpl: Local host = ip-172-31-66-253.ec2.internal
2020-07-27 01:22:48,770 INFO o.a.j.p.h.s.HTTPHC4Impl: HTTP request retry count = 0
2020-07-27 01:22:48,772 INFO o.a.j.s.SampleResult: Note: Sample TimeStamps are START times
2020-07-27 01:22:48,772 INFO o.a.j.s.SampleResult: sampleresult.default.encoding is set to ISO-8859-1
2020-07-27 01:22:48,772 INFO o.a.j.s.SampleResult: sampleresult.useNanoTime=true
2020-07-27 01:22:48,772 INFO o.a.j.s.SampleResult: sampleresult.nanoThreadSleep=5000
2020-07-27 01:22:48,779 INFO o.a.j.t.JMeterThread: Thread started: Thread Group 1-9
2020-07-27 01:22:48,828 INFO o.a.j.t.JMeterThread: Thread started: Thread Group 1-10
2020-07-27 01:22:48,878 INFO o.a.j.t.JMeterThread: Thread started: Thread Group 1-11
2020-07-27 01:22:48,888 INFO o.a.j.p.h.p.BaseParser: Created org.apache.jmeter.protocol.http.parser.LagartoBasedHtmlParser
2020-07-27 01:22:48,928 INFO o.a.j.p.h.s.ResourcesDownloader: Creating ResourcesDownloader with keepalive_inseconds : 60
2020-07-27 01:22:48,931 INFO o.a.j.t.JMeterThread: Thread started: Thread Group 1-12
2020-07-27 01:22:48,979 INFO o.a.j.p.h.p.BaseParser: Created org.apache.jmeter.protocol.http.parser.CssParser
2020-07-27 01:22:48,982 INFO o.a.j.t.JMeterThread: Thread started: Thread Group 1-13
2020-07-27 01:22:48,989 INFO o.a.j.p.h.p.BaseParser: Created org.apache.jmeter.protocol.http.parser.CssParser
2020-07-27 01:22:48,989 INFO o.a.j.p.h.p.BaseParser: Created org.apache.jmeter.protocol.http.parser.CssParser
2020-07-27 01:22:48,990 INFO o.a.j.p.h.p.BaseParser: Created org.apache.jmeter.protocol.http.parser.CssParser
2020-07-27 01:22:49,029 INFO o.a.j.t.JMeterThread: Thread started: Thread Group 1-14
2020-07-27 01:22:49,077 INFO o.a.j.t.JMeterThread: Thread started: Thread Group 1-15
2020-07-27 01:22:49,127 INFO o.a.j.t.JMeterThread: Thread started: Thread Group 1-16
2020-07-27 01:22:49,177 INFO o.a.j.t.JMeterThread: Thread started: Thread Group 1-17
2020-07-27 01:22:49,230 INFO o.a.j.t.JMeterThread: Thread started: Thread Group 1-18
2020-07-27 01:22:49,291 INFO o.a.j.t.JMeterThread: Thread started: Thread Group 1-19
2020-07-27 01:22:49,332 INFO o.a.j.t.JMeterThread: Thread started: Thread Group 1-20
2020-07-27 01:22:49,608 INFO o.a.j.p.h.s.h.LazyLayeredConnectionSocketFactory: Setting up HTTPS TrustAll Socket Factory
2020-07-27 01:22:49,616 INFO o.a.j.u.JsseSSLManager: Using default SSL protocol: TLS
2020-07-27 01:22:49,616 INFO o.a.j.u.JsseSSLManager: SSL session context: per-thread
2020-07-27 01:22:49,687 INFO o.a.j.u.SSLManager: JmeterKeyStore Location:  type JKS
2020-07-27 01:22:49,691 INFO o.a.j.u.SSLManager: KeyStore created OK
2020-07-27 01:22:49,691 WARN o.a.j.u.SSLManager: Keystore file not found, loading empty keystore
2020-07-27 01:23:00,154 INFO o.a.j.r.Summariser: summary +     59 in 00:00:12 =    5.0/s Avg:    84 Min:    33 Max:  1144 Err:     0 (0.00%) Active: 20 Started: 20 Finished: 0
2020-07-27 01:23:07,912 INFO o.a.j.t.JMeterThread: Thread finished: Thread Group 1-15
2020-07-27 01:23:08,932 INFO o.a.j.t.JMeterThread: Thread finished: Thread Group 1-3
2020-07-27 01:23:10,196 INFO o.a.j.t.JMeterThread: Thread finished: Thread Group 1-11
2020-07-27 01:23:10,829 INFO o.a.j.t.JMeterThread: Thread finished: Thread Group 1-17
2020-07-27 01:23:12,125 INFO o.a.j.t.JMeterThread: Thread finished: Thread Group 1-13
2020-07-27 01:23:13,254 INFO o.a.j.t.JMeterThread: Thread finished: Thread Group 1-6
2020-07-27 01:23:13,736 INFO o.a.j.t.JMeterThread: Thread finished: Thread Group 1-10
2020-07-27 01:23:14,068 INFO o.a.j.t.JMeterThread: Thread finished: Thread Group 1-8
2020-07-27 01:23:14,281 INFO o.a.j.t.JMeterThread: Thread finished: Thread Group 1-1
2020-07-27 01:23:14,498 INFO o.a.j.t.JMeterThread: Thread finished: Thread Group 1-12
2020-07-27 01:23:14,789 INFO o.a.j.t.JMeterThread: Thread finished: Thread Group 1-5
2020-07-27 01:23:14,796 INFO o.a.j.t.JMeterThread: Thread finished: Thread Group 1-14
2020-07-27 01:23:15,673 INFO o.a.j.t.JMeterThread: Thread finished: Thread Group 1-16
2020-07-27 01:23:15,678 INFO o.a.j.t.JMeterThread: Thread finished: Thread Group 1-19
2020-07-27 01:23:16,021 INFO o.a.j.t.JMeterThread: Thread finished: Thread Group 1-9
2020-07-27 01:23:16,287 INFO o.a.j.t.JMeterThread: Thread finished: Thread Group 1-20
2020-07-27 01:23:16,320 INFO o.a.j.t.JMeterThread: Thread finished: Thread Group 1-18
2020-07-27 01:23:16,950 INFO o.a.j.t.JMeterThread: Thread finished: Thread Group 1-2
2020-07-27 01:23:17,448 INFO o.a.j.t.JMeterThread: Thread finished: Thread Group 1-4
2020-07-27 01:23:18,057 INFO o.a.j.t.JMeterThread: Thread finished: Thread Group 1-7
2020-07-27 01:23:18,057 INFO o.a.j.e.StandardJMeterEngine: Notifying test listeners of end of test
2020-07-27 01:23:18,058 INFO o.a.j.r.Summariser: summary +     87 in 00:00:18 =    4.9/s Avg:    42 Min:    31 Max:   119 Err:     0 (0.00%) Active: 0 Started: 20 Finished: 20
2020-07-27 01:23:18,059 INFO o.a.j.r.Summariser: summary =    146 in 00:00:30 =    4.9/s Avg:    59 Min:    31 Max:  1144 Err:     0 (0.00%)
