2020-08-06 01:13:42,781 INFO o.a.j.u.JMeterUtils: Setting Locale to en_EN
2020-08-06 01:13:42,888 INFO o.a.j.JMeter: Loading user properties from: /opt/apache-jmeter-5.1.1/bin/user.properties
2020-08-06 01:13:42,894 INFO o.a.j.JMeter: Loading system properties from: /opt/apache-jmeter-5.1.1/bin/system.properties
2020-08-06 01:13:42,921 INFO o.a.j.JMeter: Copyright (c) 1998-2019 The Apache Software Foundation
2020-08-06 01:13:42,921 INFO o.a.j.JMeter: Version 5.1.1 r1855137
2020-08-06 01:13:42,921 INFO o.a.j.JMeter: java.version=1.8.0_242
2020-08-06 01:13:42,921 INFO o.a.j.JMeter: java.vm.name=OpenJDK 64-Bit Server VM
2020-08-06 01:13:42,921 INFO o.a.j.JMeter: os.name=Linux
2020-08-06 01:13:42,922 INFO o.a.j.JMeter: os.arch=amd64
2020-08-06 01:13:42,922 INFO o.a.j.JMeter: os.version=3.10.0-1127.18.2.el7.x86_64
2020-08-06 01:13:42,922 INFO o.a.j.JMeter: file.encoding=UTF-8
2020-08-06 01:13:42,922 INFO o.a.j.JMeter: java.awt.headless=true
2020-08-06 01:13:42,926 INFO o.a.j.JMeter: Max memory     =67108864
2020-08-06 01:13:42,926 INFO o.a.j.JMeter: Available Processors =1
2020-08-06 01:13:42,950 INFO o.a.j.JMeter: Default Locale=English (EN)
2020-08-06 01:13:42,950 INFO o.a.j.JMeter: JMeter  Locale=English (EN)
2020-08-06 01:13:42,950 INFO o.a.j.JMeter: JMeterHome=/opt/apache-jmeter-5.1.1
2020-08-06 01:13:42,950 INFO o.a.j.JMeter: user.dir  =/home/centos/phonebook-project-ansible/docker-jmeter
2020-08-06 01:13:42,951 INFO o.a.j.JMeter: PWD       =/home/centos/phonebook-project-ansible/docker-jmeter
2020-08-06 01:13:42,951 INFO o.a.j.JMeter: IP: 172.17.0.3 Name: f1211be048bf FullName: f1211be048bf
2020-08-06 01:13:42,980 INFO o.a.j.s.FileServer: Default base='/home/centos/phonebook-project-ansible/docker-jmeter'
2020-08-06 01:13:43,000 INFO o.a.j.s.FileServer: Set new base='/home/centos/phonebook-project-ansible/docker-jmeter'
2020-08-06 01:13:43,695 INFO o.a.j.s.SaveService: Testplan (JMX) version: 2.2. Testlog (JTL) version: 2.2
2020-08-06 01:13:43,794 INFO o.a.j.s.SaveService: Using SaveService properties file encoding UTF-8
2020-08-06 01:13:43,809 INFO o.a.j.s.SaveService: Using SaveService properties version 5.0
2020-08-06 01:13:43,840 INFO o.a.j.s.SaveService: Loading file: plan_test_jmeter.jmx
2020-08-06 01:13:43,948 INFO o.a.j.p.h.c.CookieManager: Settings: Delete null: true Check: true Allow variable: true Save: false Prefix: COOKIE_
2020-08-06 01:13:43,962 INFO o.a.j.p.h.c.CacheManager: Will only cache the following methods: [GET]
2020-08-06 01:13:43,996 INFO o.a.j.p.h.s.HTTPSamplerBase: Parser for text/html is org.apache.jmeter.protocol.http.parser.LagartoBasedHtmlParser
2020-08-06 01:13:43,996 INFO o.a.j.p.h.s.HTTPSamplerBase: Parser for application/xhtml+xml is org.apache.jmeter.protocol.http.parser.LagartoBasedHtmlParser
2020-08-06 01:13:43,997 INFO o.a.j.p.h.s.HTTPSamplerBase: Parser for application/xml is org.apache.jmeter.protocol.http.parser.LagartoBasedHtmlParser
2020-08-06 01:13:43,997 INFO o.a.j.p.h.s.HTTPSamplerBase: Parser for text/xml is org.apache.jmeter.protocol.http.parser.LagartoBasedHtmlParser
2020-08-06 01:13:43,997 INFO o.a.j.p.h.s.HTTPSamplerBase: Parser for text/vnd.wap.wml is org.apache.jmeter.protocol.http.parser.RegexpHTMLParser
2020-08-06 01:13:43,997 INFO o.a.j.p.h.s.HTTPSamplerBase: Parser for text/css is org.apache.jmeter.protocol.http.parser.CssParser
2020-08-06 01:13:44,028 INFO o.a.j.JMeter: Creating summariser <summary>
2020-08-06 01:13:44,060 INFO o.a.j.e.StandardJMeterEngine: Running the test!
2020-08-06 01:13:44,061 INFO o.a.j.s.SampleEvent: List of sample_variables: []
2020-08-06 01:13:44,061 INFO o.a.j.s.SampleEvent: List of sample_variables: []
2020-08-06 01:13:44,107 INFO o.a.j.e.u.CompoundVariable: Note: Function class names must contain the string: '.functions.'
2020-08-06 01:13:44,108 INFO o.a.j.e.u.CompoundVariable: Note: Function class names must not contain the string: '.gui.'
2020-08-06 01:13:45,973 INFO o.a.j.JMeter: Running test (1596676425973)
2020-08-06 01:13:46,106 INFO o.a.j.e.StandardJMeterEngine: Starting ThreadGroup: 1 : Thread Group
2020-08-06 01:13:46,106 INFO o.a.j.e.StandardJMeterEngine: Starting 20 threads for group Thread Group.
2020-08-06 01:13:46,107 INFO o.a.j.e.StandardJMeterEngine: Thread will continue on error
2020-08-06 01:13:46,107 INFO o.a.j.t.ThreadGroup: Starting thread group... number=1 threads=20 ramp-up=1 delayedStart=false
2020-08-06 01:13:46,211 INFO o.a.j.t.JMeterThread: Thread started: Thread Group 1-1
2020-08-06 01:13:46,224 INFO o.a.j.t.ThreadGroup: Started thread group number 1
2020-08-06 01:13:46,224 INFO o.a.j.e.StandardJMeterEngine: All thread groups have been started
2020-08-06 01:13:46,250 INFO o.a.j.t.JMeterThread: Thread started: Thread Group 1-2
2020-08-06 01:13:46,298 INFO o.a.j.t.JMeterThread: Thread started: Thread Group 1-3
2020-08-06 01:13:46,346 INFO o.a.j.t.JMeterThread: Thread started: Thread Group 1-4
2020-08-06 01:13:46,395 INFO o.a.j.t.JMeterThread: Thread started: Thread Group 1-5
2020-08-06 01:13:46,444 INFO o.a.j.t.JMeterThread: Thread started: Thread Group 1-6
2020-08-06 01:13:46,492 INFO o.a.j.t.JMeterThread: Thread started: Thread Group 1-7
2020-08-06 01:13:46,538 INFO o.a.j.t.JMeterThread: Thread started: Thread Group 1-8
2020-08-06 01:13:46,588 INFO o.a.j.t.JMeterThread: Thread started: Thread Group 1-9
2020-08-06 01:13:46,626 INFO o.a.j.t.JMeterThread: Thread started: Thread Group 1-10
2020-08-06 01:13:46,677 INFO o.a.j.t.JMeterThread: Thread started: Thread Group 1-11
2020-08-06 01:13:46,719 INFO o.a.j.t.JMeterThread: Thread started: Thread Group 1-12
2020-08-06 01:13:46,740 INFO o.a.j.t.JMeterThread: Thread started: Thread Group 1-13
2020-08-06 01:13:46,791 INFO o.a.j.t.JMeterThread: Thread started: Thread Group 1-14
2020-08-06 01:13:46,836 INFO o.a.j.t.JMeterThread: Thread started: Thread Group 1-15
2020-08-06 01:13:46,886 INFO o.a.j.t.JMeterThread: Thread started: Thread Group 1-16
2020-08-06 01:13:46,935 INFO o.a.j.t.JMeterThread: Thread started: Thread Group 1-17
2020-08-06 01:13:46,984 INFO o.a.j.t.JMeterThread: Thread started: Thread Group 1-18
2020-08-06 01:13:47,034 INFO o.a.j.t.JMeterThread: Thread started: Thread Group 1-19
2020-08-06 01:13:47,045 INFO o.a.j.p.h.s.HTTPHCAbstractImpl: Local host = f1211be048bf
2020-08-06 01:13:47,060 INFO o.a.j.p.h.s.HTTPHC4Impl: HTTP request retry count = 0
2020-08-06 01:13:47,063 INFO o.a.j.s.SampleResult: Note: Sample TimeStamps are START times
2020-08-06 01:13:47,063 INFO o.a.j.s.SampleResult: sampleresult.default.encoding is set to ISO-8859-1
2020-08-06 01:13:47,063 INFO o.a.j.s.SampleResult: sampleresult.useNanoTime=true
2020-08-06 01:13:47,063 INFO o.a.j.s.SampleResult: sampleresult.nanoThreadSleep=5000
2020-08-06 01:13:47,102 INFO o.a.j.t.JMeterThread: Thread started: Thread Group 1-20
2020-08-06 01:13:47,417 INFO o.a.j.p.h.p.BaseParser: Created org.apache.jmeter.protocol.http.parser.LagartoBasedHtmlParser
2020-08-06 01:13:47,418 INFO o.a.j.p.h.p.BaseParser: Created org.apache.jmeter.protocol.http.parser.LagartoBasedHtmlParser
2020-08-06 01:13:47,570 INFO o.a.j.p.h.s.ResourcesDownloader: Creating ResourcesDownloader with keepalive_inseconds : 60
2020-08-06 01:13:47,932 INFO o.a.j.p.h.p.BaseParser: Created org.apache.jmeter.protocol.http.parser.CssParser
2020-08-06 01:13:47,933 INFO o.a.j.p.h.p.BaseParser: Created org.apache.jmeter.protocol.http.parser.CssParser
2020-08-06 01:13:47,934 INFO o.a.j.p.h.p.BaseParser: Created org.apache.jmeter.protocol.http.parser.CssParser
2020-08-06 01:13:47,934 INFO o.a.j.p.h.p.BaseParser: Created org.apache.jmeter.protocol.http.parser.CssParser
2020-08-06 01:13:47,937 INFO o.a.j.p.h.p.BaseParser: Created org.apache.jmeter.protocol.http.parser.CssParser
2020-08-06 01:13:47,937 INFO o.a.j.p.h.p.BaseParser: Created org.apache.jmeter.protocol.http.parser.CssParser
2020-08-06 01:13:47,937 INFO o.a.j.p.h.p.BaseParser: Created org.apache.jmeter.protocol.http.parser.CssParser
2020-08-06 01:13:47,938 INFO o.a.j.p.h.p.BaseParser: Created org.apache.jmeter.protocol.http.parser.CssParser
2020-08-06 01:13:51,265 INFO o.a.j.p.h.s.h.LazyLayeredConnectionSocketFactory: Setting up HTTPS TrustAll Socket Factory
2020-08-06 01:13:51,314 INFO o.a.j.u.JsseSSLManager: Using default SSL protocol: TLS
2020-08-06 01:13:51,315 INFO o.a.j.u.JsseSSLManager: SSL session context: per-thread
2020-08-06 01:15:43,897 INFO o.a.j.u.SSLManager: JmeterKeyStore Location:  type JKS
2020-08-06 01:15:43,920 INFO o.a.j.u.SSLManager: KeyStore created OK
2020-08-06 01:15:43,920 WARN o.a.j.u.SSLManager: Keystore file not found, loading empty keystore
2020-08-06 01:15:45,440 INFO o.a.j.t.JMeterThread: Stopping because end time detected by thread: Thread Group 1-12
2020-08-06 01:15:45,477 INFO o.a.j.t.JMeterThread: Thread finished: Thread Group 1-12
2020-08-06 01:15:45,483 INFO o.a.j.t.JMeterThread: Stopping because end time detected by thread: Thread Group 1-11
2020-08-06 01:15:45,483 INFO o.a.j.t.JMeterThread: Thread finished: Thread Group 1-11
2020-08-06 01:15:45,483 INFO o.a.j.t.JMeterThread: Stopping because end time detected by thread: Thread Group 1-5
2020-08-06 01:15:45,483 INFO o.a.j.t.JMeterThread: Thread finished: Thread Group 1-5
2020-08-06 01:15:45,484 INFO o.a.j.t.JMeterThread: Stopping because end time detected by thread: Thread Group 1-13
2020-08-06 01:15:45,484 INFO o.a.j.t.JMeterThread: Thread finished: Thread Group 1-13
2020-08-06 01:15:45,484 INFO o.a.j.t.JMeterThread: Stopping because end time detected by thread: Thread Group 1-2
2020-08-06 01:15:45,484 INFO o.a.j.t.JMeterThread: Thread finished: Thread Group 1-2
2020-08-06 01:15:45,485 INFO o.a.j.t.JMeterThread: Stopping because end time detected by thread: Thread Group 1-4
2020-08-06 01:15:45,485 INFO o.a.j.t.JMeterThread: Thread finished: Thread Group 1-4
2020-08-06 01:15:45,485 INFO o.a.j.t.JMeterThread: Stopping because end time detected by thread: Thread Group 1-10
2020-08-06 01:15:45,485 INFO o.a.j.t.JMeterThread: Thread finished: Thread Group 1-10
2020-08-06 01:15:45,488 INFO o.a.j.t.JMeterThread: Stopping because end time detected by thread: Thread Group 1-18
2020-08-06 01:15:45,488 INFO o.a.j.t.JMeterThread: Thread finished: Thread Group 1-18
2020-08-06 01:15:45,489 INFO o.a.j.t.JMeterThread: Stopping because end time detected by thread: Thread Group 1-14
2020-08-06 01:15:45,489 INFO o.a.j.t.JMeterThread: Thread finished: Thread Group 1-14
2020-08-06 01:15:45,489 INFO o.a.j.t.JMeterThread: Stopping because end time detected by thread: Thread Group 1-1
2020-08-06 01:15:45,490 INFO o.a.j.t.JMeterThread: Thread finished: Thread Group 1-1
2020-08-06 01:15:45,490 INFO o.a.j.t.JMeterThread: Stopping because end time detected by thread: Thread Group 1-8
2020-08-06 01:15:45,490 INFO o.a.j.t.JMeterThread: Thread finished: Thread Group 1-8
2020-08-06 01:15:45,491 INFO o.a.j.t.JMeterThread: Stopping because end time detected by thread: Thread Group 1-7
2020-08-06 01:15:45,491 INFO o.a.j.t.JMeterThread: Thread finished: Thread Group 1-7
2020-08-06 01:15:45,492 INFO o.a.j.t.JMeterThread: Stopping because end time detected by thread: Thread Group 1-20
2020-08-06 01:15:45,492 INFO o.a.j.t.JMeterThread: Thread finished: Thread Group 1-20
2020-08-06 01:15:45,492 INFO o.a.j.t.JMeterThread: Stopping because end time detected by thread: Thread Group 1-6
2020-08-06 01:15:45,492 INFO o.a.j.t.JMeterThread: Thread finished: Thread Group 1-6
2020-08-06 01:15:45,732 INFO o.a.j.t.JMeterThread: Stopping because end time detected by thread: Thread Group 1-9
2020-08-06 01:15:45,732 INFO o.a.j.t.JMeterThread: Thread finished: Thread Group 1-9
2020-08-06 01:15:45,734 INFO o.a.j.t.JMeterThread: Stopping because end time detected by thread: Thread Group 1-19
2020-08-06 01:15:45,734 INFO o.a.j.t.JMeterThread: Thread finished: Thread Group 1-19
2020-08-06 01:15:45,735 INFO o.a.j.t.JMeterThread: Stopping because end time detected by thread: Thread Group 1-16
2020-08-06 01:15:45,735 INFO o.a.j.t.JMeterThread: Thread finished: Thread Group 1-16
2020-08-06 01:15:45,736 INFO o.a.j.t.JMeterThread: Stopping because end time detected by thread: Thread Group 1-15
2020-08-06 01:15:45,736 INFO o.a.j.t.JMeterThread: Thread finished: Thread Group 1-15
2020-08-06 01:15:45,737 INFO o.a.j.t.JMeterThread: Stopping because end time detected by thread: Thread Group 1-3
2020-08-06 01:15:45,737 INFO o.a.j.t.JMeterThread: Thread finished: Thread Group 1-3
2020-08-06 01:15:45,738 INFO o.a.j.t.JMeterThread: Stopping because end time detected by thread: Thread Group 1-17
2020-08-06 01:15:45,738 INFO o.a.j.t.JMeterThread: Thread finished: Thread Group 1-17
2020-08-06 01:15:45,739 INFO o.a.j.e.StandardJMeterEngine: Notifying test listeners of end of test
2020-08-06 01:15:45,740 INFO o.a.j.r.Summariser: summary =     20 in 00:02:00 =    0.2/s Avg: 105030 Min: 80069 Max: 117870 Err:    14 (70.00%)
